#
# There is insufficient memory for the Java Runtime Environment to continue.
# Native memory allocation (malloc) failed to allocate 78896 bytes for Chunk::new
# Possible reasons:
#   The system is out of physical RAM or swap space
#   In 32 bit mode, the process size limit was hit
# Possible solutions:
#   Reduce memory load on the system
#   Increase physical memory or swap space
#   Check if swap backing store is full
#   Use 64 bit Java on a 64 bit OS
#   Decrease Java heap size (-Xmx/-Xms)
#   Decrease number of Java threads
#   Decrease Java thread stack sizes (-Xss)
#   Set larger code cache with -XX:ReservedCodeCacheSize=
# This output file may be truncated or incomplete.
#
#  Out of Memory Error (allocation.cpp:390), pid=636, tid=0x0000000000000bd0
#
# JRE version: Java(TM) SE Runtime Environment (8.0_101-b13) (build 1.8.0_101-b13)
# Java VM: Java HotSpot(TM) 64-Bit Server VM (25.101-b13 mixed mode windows-amd64 compressed oops)
# Failed to write core dump. Minidumps are not enabled by default on client versions of Windows
#

---------------  T H R E A D  ---------------

Current thread (0x00000000574f7800):  JavaThread "C2 CompilerThread0" daemon [_thread_in_native, id=3024, stack(0x0000000058ad0000,0x0000000058bd0000)]

Stack: [0x0000000058ad0000,0x0000000058bd0000]
[error occurred during error reporting (printing stack bounds), id 0xc0000005]

Native frames: (J=compiled Java code, j=interpreted, Vv=VM code, C=native code)


Current CompileTask:
C2:4555135 20449       4       com.esotericsoftware.kryo.io.Input::readLong (181 bytes)


---------------  P R O C E S S  ---------------

Java Threads: ( => current thread )
  0x000000005995d000 JavaThread "Asynchronous log dispatcher for org.gradle.launcher.daemon.server.DefaultDaemonConnection@4c00f6fc" [_thread_blocked, id=2384, stack(0x000000005bad0000,0x000000005bbd0000)]
  0x000000005995c000 JavaThread "Daemon worker Thread 4" [_thread_in_native, id=3272, stack(0x000000005b840000,0x000000005b940000)]
  0x000000005995a800 JavaThread "Cancel handler" [_thread_blocked, id=4532, stack(0x000000005b710000,0x000000005b810000)]
  0x000000005995b800 JavaThread "Handler for socket connection from /127.0.0.1:49257 to /127.0.0.1:56357" [_thread_in_native, id=2916, stack(0x000000005b490000,0x000000005b590000)]
  0x000000005995a000 JavaThread "Daemon Thread 4" [_thread_blocked, id=3068, stack(0x000000005b5f0000,0x000000005b6f0000)]
  0x000000005ed80000 JavaThread "stdout" daemon [_thread_in_native, id=2808, stack(0x0000000067e40000,0x0000000067f40000)]
  0x000000005ed7f000 JavaThread "stderr" daemon [_thread_in_native, id=2644, stack(0x0000000067cd0000,0x0000000067dd0000)]
  0x000000005ed7e800 JavaThread "stdout" daemon [_thread_in_native, id=4288, stack(0x0000000067ac0000,0x0000000067bc0000)]
  0x000000005ed7d800 JavaThread "stderr" daemon [_thread_in_native, id=3756, stack(0x00000000678c0000,0x00000000679c0000)]
  0x000000005ed7d000 JavaThread "stdout" daemon [_thread_in_native, id=3948, stack(0x000000005ae90000,0x000000005af90000)]
  0x000000005ed7c000 JavaThread "stderr" daemon [_thread_in_native, id=352, stack(0x0000000067550000,0x0000000067650000)]
  0x000000005ed7b800 JavaThread "stdout" daemon [_thread_in_native, id=988, stack(0x0000000067350000,0x0000000067450000)]
  0x000000005ed7a800 JavaThread "stderr" daemon [_thread_in_native, id=4752, stack(0x00000000671f0000,0x00000000672f0000)]
  0x000000005ed7a000 JavaThread "stdout" daemon [_thread_in_native, id=4424, stack(0x0000000066fc0000,0x00000000670c0000)]
  0x000000005e3c7800 JavaThread "stderr" daemon [_thread_in_native, id=2764, stack(0x0000000066e60000,0x0000000066f60000)]
  0x000000005e3cb000 JavaThread "stdout" daemon [_thread_in_native, id=1044, stack(0x0000000066d50000,0x0000000066e50000)]
  0x000000005e022000 JavaThread "stderr" daemon [_thread_in_native, id=4956, stack(0x0000000063820000,0x0000000063920000)]
  0x000000005e022800 JavaThread "stdout" daemon [_thread_in_native, id=648, stack(0x0000000066a00000,0x0000000066b00000)]
  0x000000005e025800 JavaThread "stderr" daemon [_thread_in_native, id=4972, stack(0x0000000066860000,0x0000000066960000)]
  0x000000005e025000 JavaThread "stdout" daemon [_thread_in_native, id=4976, stack(0x00000000666c0000,0x00000000667c0000)]
  0x000000005e024000 JavaThread "stderr" daemon [_thread_in_native, id=4244, stack(0x00000000664a0000,0x00000000665a0000)]
  0x000000005e023800 JavaThread "stdout" daemon [_thread_in_native, id=4984, stack(0x0000000066300000,0x0000000066400000)]
  0x000000005e020800 JavaThread "stderr" daemon [_thread_in_native, id=3268, stack(0x0000000064f10000,0x0000000065010000)]
  0x000000005e3ca800 JavaThread "pool-3-thread-4" [_thread_blocked, id=5036, stack(0x0000000063280000,0x0000000063380000)]
  0x000000005e3c6000 JavaThread "pool-3-thread-3" [_thread_blocked, id=5040, stack(0x00000000630e0000,0x00000000631e0000)]
  0x000000005e3c6800 JavaThread "pool-3-thread-2" [_thread_blocked, id=5072, stack(0x0000000062fa0000,0x00000000630a0000)]
  0x000000005e3c4800 JavaThread "pool-3-thread-1" [_thread_blocked, id=4744, stack(0x0000000061990000,0x0000000061a90000)]
  0x000000005e3c9000 JavaThread "Java2D Disposer" daemon [_thread_blocked, id=3184, stack(0x0000000067770000,0x0000000067870000)]
  0x0000000059957800 JavaThread "File lock request listener" [_thread_in_native, id=3644, stack(0x000000005e740000,0x000000005e840000)]
  0x000000005a263000 JavaThread "Incoming local TCP Connector on port 49257" [_thread_in_native, id=2624, stack(0x000000005b120000,0x000000005b220000)]
  0x000000005a2b9800 JavaThread "pool-1-thread-1" [_thread_blocked, id=3504, stack(0x0000000059cd0000,0x0000000059dd0000)]
  0x0000000058c50000 JavaThread "Service Thread" daemon [_thread_blocked, id=2388, stack(0x0000000059000000,0x0000000059100000)]
  0x0000000058bd9000 JavaThread "C1 CompilerThread2" daemon [_thread_blocked, id=2660, stack(0x0000000059240000,0x0000000059340000)]
  0x0000000058bd0800 JavaThread "C2 CompilerThread1" daemon [_thread_blocked, id=1508, stack(0x0000000059110000,0x0000000059210000)]
=>0x00000000574f7800 JavaThread "C2 CompilerThread0" daemon [_thread_in_native, id=3024, stack(0x0000000058ad0000,0x0000000058bd0000)]
  0x00000000574f3800 JavaThread "Attach Listener" daemon [_thread_blocked, id=3736, stack(0x0000000058300000,0x0000000058400000)]
  0x00000000574f2800 JavaThread "Signal Dispatcher" daemon [_thread_blocked, id=740, stack(0x0000000058950000,0x0000000058a50000)]
  0x00000000574d3000 JavaThread "Finalizer" daemon [_thread_blocked, id=3712, stack(0x00000000587e0000,0x00000000588e0000)]
  0x0000000057492000 JavaThread "Reference Handler" daemon [_thread_blocked, id=2208, stack(0x00000000585b0000,0x00000000586b0000)]
  0x0000000001e3d800 JavaThread "main" [_thread_blocked, id=844, stack(0x00000000021f0000,0x00000000022f0000)]

Other Threads:
  0x000000005748a000 VMThread [stack: 0x0000000058400000,0x0000000058500000] [id=1368]
  0x0000000058bec800 WatcherThread [stack: 0x0000000059380000,0x0000000059480000] [id=2692]

VM state:not at safepoint (normal execution)

VM Mutex/Monitor currently owned by a thread: None

Heap:
 PSYoungGen      total 465920K, used 127686K [0x00000000d5580000, 0x0000000100000000, 0x0000000100000000)
  eden space 232960K, 54% used [0x00000000d5580000,0x00000000dd2318a8,0x00000000e3900000)
  from space 232960K, 0% used [0x00000000e3900000,0x00000000e3900000,0x00000000f1c80000)
  to   space 232960K, 0% used [0x00000000f1c80000,0x00000000f1c80000,0x0000000100000000)
 ParOldGen       total 385536K, used 61920K [0x0000000080000000, 0x0000000097880000, 0x00000000d5580000)
  object space 385536K, 16% used [0x0000000080000000,0x0000000083c78260,0x0000000097880000)
 Metaspace       used 66287K, capacity 68062K, committed 68224K, reserved 1107968K
  class space    used 8387K, capacity 8789K, committed 8832K, reserved 1048576K

Card table byte_map: [0x0000000011980000,0x0000000011d90000] byte_map_base: 0x0000000011580000

Marking Bits: (ParMarkBitMap*) 0x000000006b86a6d0
 Begin Bits: [0x0000000012700000, 0x0000000014700000)
 End Bits:   [0x0000000014700000, 0x0000000016700000)

Polling page: 0x0000000000330000

CodeCache: size=245760Kb used=55296Kb max_used=56347Kb free=190463Kb
 bounds [0x00000000025c0000, 0x0000000005d20000, 0x00000000115c0000]
 total_blobs=15293 nmethods=14459 adapters=744
 compilation: enabled

Compilation events (10 events):
Event: 4549.913 Thread 0x0000000058bd9000 nmethod 20441 0x00000000049f8250 code [0x00000000049f83a0, 0x00000000049f8550]
Event: 4550.242 Thread 0x0000000058bd9000 20442       3       org.gradle.api.internal.artifacts.configurations.DefaultConfigurationContainer::getByName (6 bytes)
Event: 4550.395 Thread 0x0000000058bd9000 nmethod 20442 0x00000000054d2d10 code [0x00000000054d2fa0, 0x00000000054d4348]
Event: 4550.395 Thread 0x0000000058bd9000 20443       3       org.gradle.api.internal.artifacts.configurations.DefaultConfigurationContainer::getByName (9 bytes)
Event: 4550.396 Thread 0x0000000058bd9000 nmethod 20443 0x00000000054d0a90 code [0x00000000054d0d20, 0x00000000054d2008]
Event: 4551.754 Thread 0x0000000058bd9000 20447       3       org.apache.xerces.parsers.AbstractXMLDocumentParser::emptyElement (14 bytes)
Event: 4551.754 Thread 0x0000000058bd9000 nmethod 20447 0x00000000049f7d10 code [0x00000000049f7e80, 0x00000000049f8178]
Event: 4552.710 Thread 0x0000000058bd9000 20448       1       org.gradle.api.internal.artifacts.repositories.resolver.ExternalResourceResolver$LocalRepositoryAccess::resolveComponentMetaData (1 bytes)
Event: 4552.710 Thread 0x0000000058bd9000 nmethod 20448 0x00000000054d07d0 code [0x00000000054d0920, 0x00000000054d0a30]
Event: 4553.505 Thread 0x00000000574f7800 20449       4       com.esotericsoftware.kryo.io.Input::readLong (181 bytes)

GC Heap History (10 events):
Event: 730.286 GC heap before
{Heap before GC invocations=99 (full 14):
 PSYoungGen      total 465920K, used 3589K [0x00000000d5580000, 0x0000000100000000, 0x0000000100000000)
  eden space 232960K, 1% used [0x00000000d5580000,0x00000000d5901798,0x00000000e3900000)
  from space 232960K, 0% used [0x00000000f1c80000,0x00000000f1c80000,0x0000000100000000)
  to   space 232960K, 0% used [0x00000000e3900000,0x00000000e3900000,0x00000000f1c80000)
 ParOldGen       total 385536K, used 146882K [0x0000000080000000, 0x0000000097880000, 0x00000000d5580000)
  object space 385536K, 38% used [0x0000000080000000,0x0000000088f70848,0x0000000097880000)
 Metaspace       used 65829K, capacity 67352K, committed 67712K, reserved 1107968K
  class space    used 8339K, capacity 8716K, committed 8832K, reserved 1048576K
Event: 730.301 GC heap after
Heap after GC invocations=99 (full 14):
 PSYoungGen      total 465920K, used 128K [0x00000000d5580000, 0x0000000100000000, 0x0000000100000000)
  eden space 232960K, 0% used [0x00000000d5580000,0x00000000d5580000,0x00000000e3900000)
  from space 232960K, 0% used [0x00000000e3900000,0x00000000e3920000,0x00000000f1c80000)
  to   space 232960K, 0% used [0x00000000f1c80000,0x00000000f1c80000,0x0000000100000000)
 ParOldGen       total 385536K, used 146882K [0x0000000080000000, 0x0000000097880000, 0x00000000d5580000)
  object space 385536K, 38% used [0x0000000080000000,0x0000000088f70848,0x0000000097880000)
 Metaspace       used 65829K, capacity 67352K, committed 67712K, reserved 1107968K
  class space    used 8339K, capacity 8716K, committed 8832K, reserved 1048576K
}
Event: 730.301 GC heap before
{Heap before GC invocations=100 (full 15):
 PSYoungGen      total 465920K, used 128K [0x00000000d5580000, 0x0000000100000000, 0x0000000100000000)
  eden space 232960K, 0% used [0x00000000d5580000,0x00000000d5580000,0x00000000e3900000)
  from space 232960K, 0% used [0x00000000e3900000,0x00000000e3920000,0x00000000f1c80000)
  to   space 232960K, 0% used [0x00000000f1c80000,0x00000000f1c80000,0x0000000100000000)
 ParOldGen       total 385536K, used 146882K [0x0000000080000000, 0x0000000097880000, 0x00000000d5580000)
  object space 385536K, 38% used [0x0000000080000000,0x0000000088f70848,0x0000000097880000)
 Metaspace       used 65829K, capacity 67352K, committed 67712K, reserved 1107968K
  class space    used 8339K, capacity 8716K, committed 8832K, reserved 1048576K
Event: 731.202 GC heap after
Heap after GC invocations=100 (full 15):
 PSYoungGen      total 465920K, used 0K [0x00000000d5580000, 0x0000000100000000, 0x0000000100000000)
  eden space 232960K, 0% used [0x00000000d5580000,0x00000000d5580000,0x00000000e3900000)
  from space 232960K, 0% used [0x00000000e3900000,0x00000000e3900000,0x00000000f1c80000)
  to   space 232960K, 0% used [0x00000000f1c80000,0x00000000f1c80000,0x0000000100000000)
 ParOldGen       total 385536K, used 61766K [0x0000000080000000, 0x0000000097880000, 0x00000000d5580000)
  object space 385536K, 16% used [0x0000000080000000,0x0000000083c51820,0x0000000097880000)
 Metaspace       used 65829K, capacity 67352K, committed 67712K, reserved 1107968K
  class space    used 8339K, capacity 8716K, committed 8832K, reserved 1048576K
}
Event: 909.029 GC heap before
{Heap before GC invocations=101 (full 15):
 PSYoungGen      total 465920K, used 232960K [0x00000000d5580000, 0x0000000100000000, 0x0000000100000000)
  eden space 232960K, 100% used [0x00000000d5580000,0x00000000e3900000,0x00000000e3900000)
  from space 232960K, 0% used [0x00000000e3900000,0x00000000e3900000,0x00000000f1c80000)
  to   space 232960K, 0% used [0x00000000f1c80000,0x00000000f1c80000,0x0000000100000000)
 ParOldGen       total 385536K, used 61766K [0x0000000080000000, 0x0000000097880000, 0x00000000d5580000)
  object space 385536K, 16% used [0x0000000080000000,0x0000000083c51820,0x0000000097880000)
 Metaspace       used 66115K, capacity 67868K, committed 67968K, reserved 1107968K
  class space    used 8375K, capacity 8774K, committed 8832K, reserved 1048576K
Event: 909.110 GC heap after
Heap after GC invocations=101 (full 15):
 PSYoungGen      total 465920K, used 8048K [0x00000000d5580000, 0x0000000100000000, 0x0000000100000000)
  eden space 232960K, 0% used [0x00000000d5580000,0x00000000d5580000,0x00000000e3900000)
  from space 232960K, 3% used [0x00000000f1c80000,0x00000000f245c010,0x0000000100000000)
  to   space 232960K, 0% used [0x00000000e3900000,0x00000000e3900000,0x00000000f1c80000)
 ParOldGen       total 385536K, used 61774K [0x0000000080000000, 0x0000000097880000, 0x00000000d5580000)
  object space 385536K, 16% used [0x0000000080000000,0x0000000083c53820,0x0000000097880000)
 Metaspace       used 66115K, capacity 67868K, committed 67968K, reserved 1107968K
  class space    used 8375K, capacity 8774K, committed 8832K, reserved 1048576K
}
Event: 911.929 GC heap before
{Heap before GC invocations=102 (full 15):
 PSYoungGen      total 465920K, used 34713K [0x00000000d5580000, 0x0000000100000000, 0x0000000100000000)
  eden space 232960K, 11% used [0x00000000d5580000,0x00000000d6f8a780,0x00000000e3900000)
  from space 232960K, 3% used [0x00000000f1c80000,0x00000000f245c010,0x0000000100000000)
  to   space 232960K, 0% used [0x00000000e3900000,0x00000000e3900000,0x00000000f1c80000)
 ParOldGen       total 385536K, used 61774K [0x0000000080000000, 0x0000000097880000, 0x00000000d5580000)
  object space 385536K, 16% used [0x0000000080000000,0x0000000083c53820,0x0000000097880000)
 Metaspace       used 66124K, capacity 67886K, committed 67968K, reserved 1107968K
  class space    used 8376K, capacity 8777K, committed 8832K, reserved 1048576K
Event: 911.948 GC heap after
Heap after GC invocations=102 (full 15):
 PSYoungGen      total 465920K, used 96K [0x00000000d5580000, 0x0000000100000000, 0x0000000100000000)
  eden space 232960K, 0% used [0x00000000d5580000,0x00000000d5580000,0x00000000e3900000)
  from space 232960K, 0% used [0x00000000e3900000,0x00000000e3918000,0x00000000f1c80000)
  to   space 232960K, 0% used [0x00000000f1c80000,0x00000000f1c80000,0x0000000100000000)
 ParOldGen       total 385536K, used 62302K [0x0000000080000000, 0x0000000097880000, 0x00000000d5580000)
  object space 385536K, 16% used [0x0000000080000000,0x0000000083cd78c8,0x0000000097880000)
 Metaspace       used 66124K, capacity 67886K, committed 67968K, reserved 1107968K
  class space    used 8376K, capacity 8777K, committed 8832K, reserved 1048576K
}
Event: 911.948 GC heap before
{Heap before GC invocations=103 (full 16):
 PSYoungGen      total 465920K, used 96K [0x00000000d5580000, 0x0000000100000000, 0x0000000100000000)
  eden space 232960K, 0% used [0x00000000d5580000,0x00000000d5580000,0x00000000e3900000)
  from space 232960K, 0% used [0x00000000e3900000,0x00000000e3918000,0x00000000f1c80000)
  to   space 232960K, 0% used [0x00000000f1c80000,0x00000000f1c80000,0x0000000100000000)
 ParOldGen       total 385536K, used 62302K [0x0000000080000000, 0x0000000097880000, 0x00000000d5580000)
  object space 385536K, 16% used [0x0000000080000000,0x0000000083cd78c8,0x0000000097880000)
 Metaspace       used 66124K, capacity 67886K, committed 67968K, reserved 1107968K
  class space    used 8376K, capacity 8777K, committed 8832K, reserved 1048576K
Event: 912.230 GC heap after
Heap after GC invocations=103 (full 16):
 PSYoungGen      total 465920K, used 0K [0x00000000d5580000, 0x0000000100000000, 0x0000000100000000)
  eden space 232960K, 0% used [0x00000000d5580000,0x00000000d5580000,0x00000000e3900000)
  from space 232960K, 0% used [0x00000000e3900000,0x00000000e3900000,0x00000000f1c80000)
  to   space 232960K, 0% used [0x00000000f1c80000,0x00000000f1c80000,0x0000000100000000)
 ParOldGen       total 385536K, used 61920K [0x0000000080000000, 0x0000000097880000, 0x00000000d5580000)
  object space 385536K, 16% used [0x0000000080000000,0x0000000083c78260,0x0000000097880000)
 Metaspace       used 66124K, capacity 67886K, committed 67968K, reserved 1107968K
  class space    used 8376K, capacity 8777K, committed 8832K, reserved 1048576K
}

Deoptimization events (10 events):
Event: 4535.514 Thread 0x000000005995c000 Uncommon trap: reason=class_check action=maybe_recompile pc=0x00000000028ce9a8 method=com.sun.org.apache.xerces.internal.impl.XMLErrorReporter.reset(Lcom/sun/org/apache/xerces/internal/xni/parser/XMLComponentManager;)V @ 5
Event: 4546.831 Thread 0x000000005995c000 Uncommon trap: reason=bimorphic action=maybe_recompile pc=0x00000000045107bc method=com.google.common.collect.AbstractMapBasedMultimap.put(Ljava/lang/Object;Ljava/lang/Object;)Z @ 5
Event: 4546.866 Thread 0x000000005995c000 Uncommon trap: reason=bimorphic action=maybe_recompile pc=0x00000000045107bc method=com.google.common.collect.AbstractMapBasedMultimap.put(Ljava/lang/Object;Ljava/lang/Object;)Z @ 5
Event: 4546.866 Thread 0x000000005995c000 Uncommon trap: reason=bimorphic action=maybe_recompile pc=0x00000000045107bc method=com.google.common.collect.AbstractMapBasedMultimap.put(Ljava/lang/Object;Ljava/lang/Object;)Z @ 5
Event: 4546.866 Thread 0x000000005995c000 Uncommon trap: reason=bimorphic action=maybe_recompile pc=0x00000000045107bc method=com.google.common.collect.AbstractMapBasedMultimap.put(Ljava/lang/Object;Ljava/lang/Object;)Z @ 5
Event: 4546.963 Thread 0x000000005995c000 Uncommon trap: reason=class_check action=maybe_recompile pc=0x0000000003ee0fc8 method=com.google.common.collect.AbstractMapBasedMultimap$WrappedCollection.refreshIfEmpty()V @ 40
Event: 4546.963 Thread 0x000000005995c000 Uncommon trap: reason=class_check action=maybe_recompile pc=0x0000000003ee16c4 method=com.google.common.collect.AbstractMapBasedMultimap.iteratorOrListIterator(Ljava/util/Collection;)Ljava/util/Iterator; @ 1
Event: 4546.999 Thread 0x000000005995c000 Uncommon trap: reason=class_check action=maybe_recompile pc=0x00000000036d2570 method=com.google.common.collect.AbstractMapBasedMultimap$WrappedCollection.refreshIfEmpty()V @ 40
Event: 4547.018 Thread 0x000000005995c000 Uncommon trap: reason=class_check action=maybe_recompile pc=0x00000000036cdec0 method=com.google.common.collect.AbstractMapBasedMultimap$WrappedCollection.refreshIfEmpty()V @ 40
Event: 4547.210 Thread 0x000000005995c000 Uncommon trap: reason=class_check action=maybe_recompile pc=0x00000000036d2570 method=com.google.common.collect.AbstractMapBasedMultimap$WrappedCollection.refreshIfEmpty()V @ 40

Internal exceptions (10 events):
Event: 728.387 Thread 0x000000005995a800 Exception <a 'java/io/FileNotFoundException'> (0x00000000d5816b60) thrown at [C:\re\workspace\8-2-build-windows-amd64-cygwin\jdk8u101\7261\hotspot\src\share\vm\prims\jni.cpp, line 709]
Event: 728.387 Thread 0x000000005995a800 Exception <a 'java/io/FileNotFoundException'> (0x00000000d5817d10) thrown at [C:\re\workspace\8-2-build-windows-amd64-cygwin\jdk8u101\7261\hotspot\src\share\vm\prims\jni.cpp, line 709]
Event: 728.719 Thread 0x000000005995a800 Exception <a 'java/io/FileNotFoundException'> (0x00000000d581dc18) thrown at [C:\re\workspace\8-2-build-windows-amd64-cygwin\jdk8u101\7261\hotspot\src\share\vm\prims\jni.cpp, line 709]
Event: 728.832 Thread 0x000000005995a800 Exception <a 'java/io/FileNotFoundException'> (0x00000000d5820740) thrown at [C:\re\workspace\8-2-build-windows-amd64-cygwin\jdk8u101\7261\hotspot\src\share\vm\prims\jni.cpp, line 709]
Event: 883.917 Thread 0x000000005995b800 Exception <a 'java/lang/ClassNotFoundException': asLocalRepo129_1wvjyq8l2t9yhy6xo9nzre4xvBeanInfo> (0x00000000d5d77150) thrown at [C:\re\workspace\8-2-build-windows-amd64-cygwin\jdk8u101\7261\hotspot\src\share\vm\classfile\systemDictionary.cpp, line 210]
Event: 883.918 Thread 0x000000005995b800 Exception <a 'java/lang/ClassNotFoundException': asLocalRepo129_1wvjyq8l2t9yhy6xo9nzre4xvCustomizer> (0x00000000d5d80cc0) thrown at [C:\re\workspace\8-2-build-windows-amd64-cygwin\jdk8u101\7261\hotspot\src\share\vm\classfile\systemDictionary.cpp, line 210]3Ì\ØŒ@
Event: 897.481 Thread 0x000000005995b800 Implicit null exception at 0x0000000002d74ee1 to 0x0000000002d75114
Event: 4424.826 Thread 0x000000005995c000 Exception <a 'java/lang/ClassNotFoundException': asLocalRepo130_87e3xvln8gzx8v74sstj75p30BeanInfo> (0x00000000d62a47d0) thrown at [C:\re\workspace\8-2-build-windows-amd64-cygwin\jdk8u101\7261\hotspot\src\share\vm\classfile\systemDictionary.cpp, line 210]
Event: 4424.875 Thread 0x000000005995c000 Exception <a 'java/lang/ClassNotFoundException': asLocalRepo130_87e3xvln8gzx8v74sstj75p30Customizer> (0x00000000d62ae340) thrown at [C:\re\workspace\8-2-build-windows-amd64-cygwin\jdk8u101\7261\hotspot\src\share\vm\classfile\systemDictionary.cpp, line 210]‰ƒ(‰
²±@
Event: 4530.041 Thread 0x000000005995c000 Implicit null exception at 0x0000000004f2a80f to 0x0000000004f2a939

Events (10 events):
Event: 4546.963 Thread 0x000000005995c000 DEOPT UNPACKING pc=0x000000000260582a sp=0x000000005b93c9d0 mode 2
Event: 4546.998 Thread 0x000000005995c000 Uncommon trap: trap_request=0xffffffde fr.pc=0x00000000036d2570
Event: 4546.999 Thread 0x000000005995c000 DEOPT PACKING pc=0x00000000036d2570 sp=0x000000005b93cb50
Event: 4546.999 Thread 0x000000005995c000 DEOPT UNPACKING pc=0x000000000260582a sp=0x000000005b93ca50 mode 2
Event: 4547.018 Thread 0x000000005995c000 Uncommon trap: trap_request=0xffffffde fr.pc=0x00000000036cdec0
Event: 4547.018 Thread 0x000000005995c000 DEOPT PACKING pc=0x00000000036cdec0 sp=0x000000005b93cb50
Event: 4547.036 Thread 0x000000005995c000 DEOPT UNPACKING pc=0x000000000260582a sp=0x000000005b93ca50 mode 2
Event: 4547.210 Thread 0x000000005995c000 Uncommon trap: trap_request=0xffffffde fr.pc=0x00000000036d2570
Event: 4547.210 Thread 0x000000005995c000 DEOPT PACKING pc=0x00000000036d2570 sp=0x000000005b93cb50
Event: 4547.210 Thread 0x000000005995c000 DEOPT UNPACKING pc=0x000000000260582a sp=0x000000005b93ca50 mode 2


Dynamic libraries:
0x000000013f970000 - 0x000000013f9a7000 	C:\Program Files\Java\jdk1.8.0_101\bin\java.exe
0x0000000076fd0000 - 0x0000000077178000 	C:\Windows\SYSTEM32\ntdll.dll
0x0000000076db0000 - 0x0000000076ecf000 	C:\Windows\system32\kernel32.dll
0x000007fefce00000 - 0x000007fefce6c000 	C:\Windows\system32\KERNELBASE.dll
0x000007fefd880000 - 0x000007fefd95b000 	C:\Windows\system32\ADVAPI32.dll
0x000007fefd7d0000 - 0x000007fefd86f000 	C:\Windows\system32\msvcrt.dll
0x000007fefd530000 - 0x000007fefd54f000 	C:\Windows\SYSTEM32\sechost.dll
0x000007fefedc0000 - 0x000007fefeeed000 	C:\Windows\system32\RPCRT4.dll
0x0000000076ed0000 - 0x0000000076fca000 	C:\Windows\system32\USER32.dll
0x000007fefeef0000 - 0x000007fefef57000 	C:\Windows\system32\GDI32.dll
0x000007feff250000 - 0x000007feff25e000 	C:\Windows\system32\LPK.dll
0x000007fefdb20000 - 0x000007fefdbe9000 	C:\Windows\system32\USP10.dll
0x000007fefb500000 - 0x000007fefb6f4000 	C:\Windows\WinSxS\amd64_microsoft.windows.common-controls_6595b64144ccf1df_6.0.7601.18837_none_fa3b1e3d17594757\COMCTL32.dll
0x000007fefd4b0000 - 0x000007fefd521000 	C:\Windows\system32\SHLWAPI.dll
0x000007fefdaf0000 - 0x000007fefdb1e000 	C:\Windows\system32\IMM32.DLL
0x000007feff0a0000 - 0x000007feff1a9000 	C:\Windows\system32\MSCTF.dll
0x000000006e720000 - 0x000000006e7f2000 	C:\Program Files\Java\jdk1.8.0_101\jre\bin\msvcr100.dll
0x000000006b050000 - 0x000000006b8ea000 	C:\Program Files\Java\jdk1.8.0_101\jre\bin\server\jvm.dll
0x000007fef7590000 - 0x000007fef7599000 	C:\Windows\system32\WSOCK32.dll
0x000007fefd760000 - 0x000007fefd7ad000 	C:\Windows\system32\WS2_32.dll
0x000007fefd870000 - 0x000007fefd878000 	C:\Windows\system32\NSI.dll
0x000007fef98f0000 - 0x000007fef992b000 	C:\Windows\system32\WINMM.dll
0x000007fefbca0000 - 0x000007fefbcac000 	C:\Windows\system32\VERSION.dll
0x0000000077190000 - 0x0000000077197000 	C:\Windows\system32\PSAPI.DLL
0x0000000072b30000 - 0x0000000072b3f000 	C:\Program Files\Java\jdk1.8.0_101\jre\bin\verify.dll
0x000000006bb60000 - 0x000000006bb89000 	C:\Program Files\Java\jdk1.8.0_101\jre\bin\java.dll
0x000000006c560000 - 0x000000006c576000 	C:\Program Files\Java\jdk1.8.0_101\jre\bin\zip.dll
0x000007fefe030000 - 0x000007fefedb8000 	C:\Windows\system32\SHELL32.dll
0x000007fefd550000 - 0x000007fefd753000 	C:\Windows\system32\ole32.dll
0x000007fefcd80000 - 0x000007fefcd8f000 	C:\Windows\system32\profapi.dll
0x000000006bb40000 - 0x000000006bb5a000 	C:\Program Files\Java\jdk1.8.0_101\jre\bin\net.dll
0x000007fefc520000 - 0x000007fefc575000 	C:\Windows\system32\mswsock.dll
0x000007fefc510000 - 0x000007fefc517000 	C:\Windows\System32\wship6.dll
0x000000006bb20000 - 0x000000006bb31000 	C:\Program Files\Java\jdk1.8.0_101\jre\bin\nio.dll
0x000007fee4640000 - 0x000007fee4652000 	C:\Users\L K\.gradle\native\19\windows-amd64\native-platform.dll
0x000007fefc580000 - 0x000007fefc597000 	C:\Windows\system32\CRYPTSP.dll
0x000007fefc280000 - 0x000007fefc2c7000 	C:\Windows\system32\rsaenh.dll
0x000007fefce80000 - 0x000007fefce9e000 	C:\Windows\system32\USERENV.dll
0x000007fefcc20000 - 0x000007fefcc2f000 	C:\Windows\system32\CRYPTBASE.dll
0x000007fefa5f0000 - 0x000007fefa617000 	C:\Windows\system32\IPHLPAPI.DLL
0x000007fefa5e0000 - 0x000007fefa5eb000 	C:\Windows\system32\WINNSI.DLL
0x000007fef9c10000 - 0x000007fef9c21000 	C:\Windows\system32\dhcpcsvc6.DLL
0x000007fef9c30000 - 0x000007fef9c48000 	C:\Windows\system32\dhcpcsvc.DLL
0x000000006b9e0000 - 0x000000006b9ed000 	C:\Program Files\Java\jdk1.8.0_101\jre\bin\management.dll
0x000007fefcb80000 - 0x000007fefcbd7000 	C:\Windows\system32\apphelp.dll
0x000000006bbe0000 - 0x000000006bd78000 	C:\Program Files\Java\jdk1.8.0_101\jre\bin\awt.dll
0x000007fefefc0000 - 0x000007feff097000 	C:\Windows\system32\OLEAUT32.dll
0x000007fefac20000 - 0x000007fefac38000 	C:\Windows\system32\DWMAPI.DLL
0x000000006afa0000 - 0x000000006afca000 	C:\Program Files\Java\jdk1.8.0_101\jre\bin\dcpr.dll

VM Arguments:
jvm_args: -Xmx2048m -Dfile.encoding=windows-1251 -Duser.country=RU -Duser.language=ru -Duser.variant 
java_command: org.gradle.launcher.daemon.bootstrap.GradleDaemon 2.14.1
java_class_path (initial): D:\Android\Android Studio\gradle\gradle-2.14.1\lib\gradle-launcher-2.14.1.jar
Launcher Type: SUN_STANDARD

Environment Variables:
JAVA_HOME=C:\Program Files\Java\jdk1.8.0_101
PATH=C:\ProgramData\Oracle\Java\javapath;C:\Windows\system32;C:\Windows;C:\Windows\System32\Wbem;C:\Windows\System32\WindowsPowerShell\v1.0\;C:\Users\L K\AppData\Local\Programs\Python\Python35-32\Scripts\;C:\Users\L K\AppData\Local\Programs\Python\Python35-32\
USERNAME=User
OS=Windows_NT
PROCESSOR_IDENTIFIER=Intel64 Family 6 Model 58 Stepping 9, GenuineIntel



---------------  S Y S T E M  ---------------

OS: Windows 7 , 64 bit Build 7601 (6.1.7601.18847)

CPU:total 4 (2 cores per cpu, 2 threads per core) family 6 model 58 stepping 9, cmov, cx8, fxsr, mmx, sse, sse2, sse3, ssse3, sse4.1, sse4.2, popcnt, avx, clmul, erms, ht, tsc, tscinvbit, tscinv

Memory: 4k page, physical 4159424k(231788k free), swap 8319020k(5036k free)

vm_info: Java HotSpot(TM) 64-Bit Server VM (25.101-b13) for windows-amd64 JRE (1.8.0_101-b13), built on Jun 22 2016 01:21:29 by "java_re" with MS VC++ 10.0 (VS2010)

time: Fri Oct 28 18:04:34 2016
elapsed time: 4554 seconds (0d 1h 15m 54s)

